<?xml version="1.0" encoding="UTF-8"?>
<!-- Generated by org.testng.reporters.JUnitReportReporter -->
<testsuite hostname="INLM-YuvrajK.local" failures="0" tests="1" name="Drivercheck.Drivermanager" time="19.852" errors="0" timestamp="2020-01-10T15:59:56 IST" skipped="0">
  <testcase classname="Drivercheck.Drivermanager" name="drivermangager" time="19.852"/>
</testsuite> <!-- Drivercheck.Drivermanager -->
